# JRE version: Java(TM) SE Runtime Environment (8.0_171-b11) (build 1.8.0_171-b11)
# Java VM: Java HotSpot(TM) 64-Bit Server VM (25.171-b11 mixed mode windows-amd64 compressed oops)
Heap:
 PSYoungGen      total 71680K, used 32112K [0x00000000d5580000, 0x00000000dc300000, 0x0000000100000000)
  eden space 66560K, 40% used [0x00000000d5580000,0x00000000d6fe4000,0x00000000d9680000)
  from space 5120K, 99% used [0x00000000d9680000,0x00000000d9b78030,0x00000000d9b80000)
  to   space 11776K, 0% used [0x00000000db780000,0x00000000db780000,0x00000000dc300000)
 ParOldGen       total 66560K, used 16607K [0x0000000080000000, 0x0000000084100000, 0x00000000d5580000)
  object space 66560K, 24% used [0x0000000080000000,0x0000000081037f88,0x0000000084100000)
 Metaspace       used 30893K, capacity 32018K, committed 32176K, reserved 1077248K
  class space    used 3977K, capacity 4228K, committed 4272K, reserved 1048576K
GC Heap History (10 events):
Event: 2.595 GC heap before
{Heap before GC invocations=4 (full 0):
 PSYoungGen      total 38400K, used 38388K [0x00000000d5580000, 0x00000000da080000, 0x0000000100000000)
  eden space 33280K, 100% used [0x00000000d5580000,0x00000000d7600000,0x00000000d7600000)
  from space 5120K, 99% used [0x00000000d7600000,0x00000000d7afd330,0x00000000d7b00000)
  to   space 5120K, 0% used [0x00000000d9b80000,0x00000000d9b80000,0x00000000da080000)
 ParOldGen       total 87552K, used 64K [0x0000000080000000, 0x0000000085580000, 0x00000000d5580000)
  object space 87552K, 0% used [0x0000000080000000,0x0000000080010000,0x0000000085580000)
 Metaspace       used 16650K, capacity 17202K, committed 17536K, reserved 1064960K
  class space    used 2172K, capacity 2332K, committed 2432K, reserved 1048576K
Event: 2.608 GC heap after
Heap after GC invocations=4 (full 0):
 PSYoungGen      total 71680K, used 5105K [0x00000000d5580000, 0x00000000da080000, 0x0000000100000000)
  eden space 66560K, 0% used [0x00000000d5580000,0x00000000d5580000,0x00000000d9680000)
  from space 5120K, 99% used [0x00000000d9b80000,0x00000000da07c7a0,0x00000000da080000)
  to   space 5120K, 0% used [0x00000000d9680000,0x00000000d9680000,0x00000000d9b80000)
 ParOldGen       total 87552K, used 1528K [0x0000000080000000, 0x0000000085580000, 0x00000000d5580000)
  object space 87552K, 1% used [0x0000000080000000,0x000000008017e088,0x0000000085580000)
 Metaspace       used 16650K, capacity 17202K, committed 17536K, reserved 1064960K
  class space    used 2172K, capacity 2332K, committed 2432K, reserved 1048576K
}
Event: 3.340 GC heap before
{Heap before GC invocations=5 (full 0):
 PSYoungGen      total 71680K, used 58504K [0x00000000d5580000, 0x00000000da080000, 0x0000000100000000)
  eden space 66560K, 80% used [0x00000000d5580000,0x00000000d89a5bc0,0x00000000d9680000)
  from space 5120K, 99% used [0x00000000d9b80000,0x00000000da07c7a0,0x00000000da080000)
  to   space 5120K, 0% used [0x00000000d9680000,0x00000000d9680000,0x00000000d9b80000)
 ParOldGen       total 87552K, used 1528K [0x0000000080000000, 0x0000000085580000, 0x00000000d5580000)
  object space 87552K, 1% used [0x0000000080000000,0x000000008017e088,0x0000000085580000)
 Metaspace       used 20565K, capacity 21214K, committed 21296K, reserved 1067008K
  class space    used 2640K, capacity 2826K, committed 2864K, reserved 1048576K
Event: 3.368 GC heap after
Heap after GC invocations=5 (full 0):
 PSYoungGen      total 71680K, used 5088K [0x00000000d5580000, 0x00000000da080000, 0x0000000100000000)
  eden space 66560K, 0% used [0x00000000d5580000,0x00000000d5580000,0x00000000d9680000)
  from space 5120K, 99% used [0x00000000d9680000,0x00000000d9b78020,0x00000000d9b80000)
  to   space 5120K, 0% used [0x00000000d9b80000,0x00000000d9b80000,0x00000000da080000)
 ParOldGen       total 87552K, used 5487K [0x0000000080000000, 0x0000000085580000, 0x00000000d5580000)
  object space 87552K, 6% used [0x0000000080000000,0x000000008055bfc8,0x0000000085580000)
 Metaspace       used 20565K, capacity 21214K, committed 21296K, reserved 1067008K
  class space    used 2640K, capacity 2826K, committed 2864K, reserved 1048576K
}
Event: 3.368 GC heap before
{Heap before GC invocations=6 (full 1):
 PSYoungGen      total 71680K, used 5088K [0x00000000d5580000, 0x00000000da080000, 0x0000000100000000)
  eden space 66560K, 0% used [0x00000000d5580000,0x00000000d5580000,0x00000000d9680000)
  from space 5120K, 99% used [0x00000000d9680000,0x00000000d9b78020,0x00000000d9b80000)
  to   space 5120K, 0% used [0x00000000d9b80000,0x00000000d9b80000,0x00000000da080000)
 ParOldGen       total 87552K, used 5487K [0x0000000080000000, 0x0000000085580000, 0x00000000d5580000)
  object space 87552K, 6% used [0x0000000080000000,0x000000008055bfc8,0x0000000085580000)
 Metaspace       used 20565K, capacity 21214K, committed 21296K, reserved 1067008K
  class space    used 2640K, capacity 2826K, committed 2864K, reserved 1048576K
Event: 3.489 GC heap after
Heap after GC invocations=6 (full 1):
 PSYoungGen      total 71680K, used 0K [0x00000000d5580000, 0x00000000da080000, 0x0000000100000000)
  eden space 66560K, 0% used [0x00000000d5580000,0x00000000d5580000,0x00000000d9680000)
  from space 5120K, 0% used [0x00000000d9680000,0x00000000d9680000,0x00000000d9b80000)
  to   space 5120K, 0% used [0x00000000d9b80000,0x00000000d9b80000,0x00000000da080000)
 ParOldGen       total 66560K, used 8865K [0x0000000080000000, 0x0000000084100000, 0x00000000d5580000)
  object space 66560K, 13% used [0x0000000080000000,0x00000000808a8438,0x0000000084100000)
 Metaspace       used 20565K, capacity 21214K, committed 21296K, reserved 1067008K
  class space    used 2640K, capacity 2826K, committed 2864K, reserved 1048576K
}
Event: 5.202 GC heap before
{Heap before GC invocations=7 (full 1):
 PSYoungGen      total 71680K, used 66560K [0x00000000d5580000, 0x00000000da080000, 0x0000000100000000)
  eden space 66560K, 100% used [0x00000000d5580000,0x00000000d9680000,0x00000000d9680000)
  from space 5120K, 0% used [0x00000000d9680000,0x00000000d9680000,0x00000000d9b80000)
  to   space 5120K, 0% used [0x00000000d9b80000,0x00000000d9b80000,0x00000000da080000)
 ParOldGen       total 66560K, used 8865K [0x0000000080000000, 0x0000000084100000, 0x00000000d5580000)
  object space 66560K, 13% used [0x0000000080000000,0x00000000808a8438,0x0000000084100000)
 Metaspace       used 26011K, capacity 26718K, committed 26928K, reserved 1073152K
  class space    used 3392K, capacity 3574K, committed 3632K, reserved 1048576K
Event: 5.224 GC heap after
Heap after GC invocations=7 (full 1):
 PSYoungGen      total 71680K, used 5090K [0x00000000d5580000, 0x00000000da080000, 0x0000000100000000)
  eden space 66560K, 0% used [0x00000000d5580000,0x00000000d5580000,0x00000000d9680000)
  from space 5120K, 99% used [0x00000000d9b80000,0x00000000da0788f0,0x00000000da080000)
  to   space 5120K, 0% used [0x00000000d9680000,0x00000000d9680000,0x00000000d9b80000)
 ParOldGen       total 66560K, used 13595K [0x0000000080000000, 0x0000000084100000, 0x00000000d5580000)
  object space 66560K, 20% used [0x0000000080000000,0x0000000080d46dd0,0x0000000084100000)
 Metaspace       used 26011K, capacity 26718K, committed 26928K, reserved 1073152K
  class space    used 3392K, capacity 3574K, committed 3632K, reserved 1048576K
}
Event: 6.800 GC heap before
{Heap before GC invocations=8 (full 1):
 PSYoungGen      total 71680K, used 71650K [0x00000000d5580000, 0x00000000da080000, 0x0000000100000000)
  eden space 66560K, 100% used [0x00000000d5580000,0x00000000d9680000,0x00000000d9680000)
  from space 5120K, 99% used [0x00000000d9b80000,0x00000000da0788f0,0x00000000da080000)
  to   space 5120K, 0% used [0x00000000d9680000,0x00000000d9680000,0x00000000d9b80000)
 ParOldGen       total 66560K, used 13595K [0x0000000080000000, 0x0000000084100000, 0x00000000d5580000)
  object space 66560K, 20% used [0x0000000080000000,0x0000000080d46dd0,0x0000000084100000)
 Metaspace       used 28655K, capacity 29788K, committed 29872K, reserved 1075200K
  class space    used 3735K, capacity 3999K, committed 4016K, reserved 1048576K
Event: 6.813 GC heap after
Heap after GC invocations=8 (full 1):
 PSYoungGen      total 71680K, used 5088K [0x00000000d5580000, 0x00000000dc300000, 0x0000000100000000)
  eden space 66560K, 0% used [0x00000000d5580000,0x00000000d5580000,0x00000000d9680000)
  from space 5120K, 99% used [0x00000000d9680000,0x00000000d9b78030,0x00000000d9b80000)
  to   space 11776K, 0% used [0x00000000db780000,0x00000000db780000,0x00000000dc300000)
 ParOldGen       total 66560K, used 16607K [0x0000000080000000, 0x0000000084100000, 0x00000000d5580000)
  object space 66560K, 24% used [0x0000000080000000,0x0000000081037f88,0x0000000084100000)
 Metaspace       used 28655K, capacity 29788K, committed 29872K, reserved 1075200K
  class space    used 3735K, capacity 3999K, committed 4016K, reserved 1048576K
}

