# JRE version: Java(TM) SE Runtime Environment (8.0_171-b11) (build 1.8.0_171-b11)
# Java VM: Java HotSpot(TM) 64-Bit Server VM (25.171-b11 mixed mode windows-amd64 compressed oops)
Heap:
 PSYoungGen      total 71680K, used 23566K [0x00000000d5580000, 0x00000000dd600000, 0x0000000100000000)
  eden space 66560K, 27% used [0x00000000d5580000,0x00000000d678b8a8,0x00000000d9680000)
  from space 5120K, 99% used [0x00000000d9680000,0x00000000d9b78030,0x00000000d9b80000)
  to   space 11776K, 0% used [0x00000000dca80000,0x00000000dca80000,0x00000000dd600000)
 ParOldGen       total 57856K, used 16772K [0x0000000080000000, 0x0000000083880000, 0x00000000d5580000)
  object space 57856K, 28% used [0x0000000080000000,0x0000000081061330,0x0000000083880000)
 Metaspace       used 30440K, capacity 31592K, committed 31920K, reserved 1077248K
  class space    used 3924K, capacity 4193K, committed 4272K, reserved 1048576K
GC Heap History (10 events):
Event: 2.438 GC heap before
{Heap before GC invocations=4 (full 0):
 PSYoungGen      total 38400K, used 38334K [0x00000000d5580000, 0x00000000da080000, 0x0000000100000000)
  eden space 33280K, 100% used [0x00000000d5580000,0x00000000d7600000,0x00000000d7600000)
  from space 5120K, 98% used [0x00000000d7600000,0x00000000d7aefb78,0x00000000d7b00000)
  to   space 5120K, 0% used [0x00000000d9b80000,0x00000000d9b80000,0x00000000da080000)
 ParOldGen       total 87552K, used 32K [0x0000000080000000, 0x0000000085580000, 0x00000000d5580000)
  object space 87552K, 0% used [0x0000000080000000,0x0000000080008000,0x0000000085580000)
 Metaspace       used 16766K, capacity 17330K, committed 17536K, reserved 1064960K
  class space    used 2189K, capacity 2332K, committed 2432K, reserved 1048576K
Event: 2.449 GC heap after
Heap after GC invocations=4 (full 0):
 PSYoungGen      total 71680K, used 5113K [0x00000000d5580000, 0x00000000da080000, 0x0000000100000000)
  eden space 66560K, 0% used [0x00000000d5580000,0x00000000d5580000,0x00000000d9680000)
  from space 5120K, 99% used [0x00000000d9b80000,0x00000000da07e5b8,0x00000000da080000)
  to   space 5120K, 0% used [0x00000000d9680000,0x00000000d9680000,0x00000000d9b80000)
 ParOldGen       total 87552K, used 1462K [0x0000000080000000, 0x0000000085580000, 0x00000000d5580000)
  object space 87552K, 1% used [0x0000000080000000,0x000000008016da50,0x0000000085580000)
 Metaspace       used 16766K, capacity 17330K, committed 17536K, reserved 1064960K
  class space    used 2189K, capacity 2332K, committed 2432K, reserved 1048576K
}
Event: 3.098 GC heap before
{Heap before GC invocations=5 (full 0):
 PSYoungGen      total 71680K, used 59062K [0x00000000d5580000, 0x00000000da080000, 0x0000000100000000)
  eden space 66560K, 81% used [0x00000000d5580000,0x00000000d8a2f530,0x00000000d9680000)
  from space 5120K, 99% used [0x00000000d9b80000,0x00000000da07e5b8,0x00000000da080000)
  to   space 5120K, 0% used [0x00000000d9680000,0x00000000d9680000,0x00000000d9b80000)
 ParOldGen       total 87552K, used 1462K [0x0000000080000000, 0x0000000085580000, 0x00000000d5580000)
  object space 87552K, 1% used [0x0000000080000000,0x000000008016da50,0x0000000085580000)
 Metaspace       used 20574K, capacity 21226K, committed 21296K, reserved 1067008K
  class space    used 2639K, capacity 2828K, committed 2864K, reserved 1048576K
Event: 3.152 GC heap after
Heap after GC invocations=5 (full 0):
 PSYoungGen      total 71680K, used 5088K [0x00000000d5580000, 0x00000000da080000, 0x0000000100000000)
  eden space 66560K, 0% used [0x00000000d5580000,0x00000000d5580000,0x00000000d9680000)
  from space 5120K, 99% used [0x00000000d9680000,0x00000000d9b78020,0x00000000d9b80000)
  to   space 5120K, 0% used [0x00000000d9b80000,0x00000000d9b80000,0x00000000da080000)
 ParOldGen       total 87552K, used 5811K [0x0000000080000000, 0x0000000085580000, 0x00000000d5580000)
  object space 87552K, 6% used [0x0000000080000000,0x00000000805ace40,0x0000000085580000)
 Metaspace       used 20574K, capacity 21226K, committed 21296K, reserved 1067008K
  class space    used 2639K, capacity 2828K, committed 2864K, reserved 1048576K
}
Event: 3.152 GC heap before
{Heap before GC invocations=6 (full 1):
 PSYoungGen      total 71680K, used 5088K [0x00000000d5580000, 0x00000000da080000, 0x0000000100000000)
  eden space 66560K, 0% used [0x00000000d5580000,0x00000000d5580000,0x00000000d9680000)
  from space 5120K, 99% used [0x00000000d9680000,0x00000000d9b78020,0x00000000d9b80000)
  to   space 5120K, 0% used [0x00000000d9b80000,0x00000000d9b80000,0x00000000da080000)
 ParOldGen       total 87552K, used 5811K [0x0000000080000000, 0x0000000085580000, 0x00000000d5580000)
  object space 87552K, 6% used [0x0000000080000000,0x00000000805ace40,0x0000000085580000)
 Metaspace       used 20574K, capacity 21226K, committed 21296K, reserved 1067008K
  class space    used 2639K, capacity 2828K, committed 2864K, reserved 1048576K
Event: 3.215 GC heap after
Heap after GC invocations=6 (full 1):
 PSYoungGen      total 71680K, used 0K [0x00000000d5580000, 0x00000000da080000, 0x0000000100000000)
  eden space 66560K, 0% used [0x00000000d5580000,0x00000000d5580000,0x00000000d9680000)
  from space 5120K, 0% used [0x00000000d9680000,0x00000000d9680000,0x00000000d9b80000)
  to   space 5120K, 0% used [0x00000000d9b80000,0x00000000d9b80000,0x00000000da080000)
 ParOldGen       total 57856K, used 9200K [0x0000000080000000, 0x0000000083880000, 0x00000000d5580000)
  object space 57856K, 15% used [0x0000000080000000,0x00000000808fc058,0x0000000083880000)
 Metaspace       used 20574K, capacity 21226K, committed 21296K, reserved 1067008K
  class space    used 2639K, capacity 2828K, committed 2864K, reserved 1048576K
}
Event: 4.380 GC heap before
{Heap before GC invocations=7 (full 1):
 PSYoungGen      total 71680K, used 66560K [0x00000000d5580000, 0x00000000da080000, 0x0000000100000000)
  eden space 66560K, 100% used [0x00000000d5580000,0x00000000d9680000,0x00000000d9680000)
  from space 5120K, 0% used [0x00000000d9680000,0x00000000d9680000,0x00000000d9b80000)
  to   space 5120K, 0% used [0x00000000d9b80000,0x00000000d9b80000,0x00000000da080000)
 ParOldGen       total 57856K, used 9200K [0x0000000080000000, 0x0000000083880000, 0x00000000d5580000)
  object space 57856K, 15% used [0x0000000080000000,0x00000000808fc058,0x0000000083880000)
 Metaspace       used 26136K, capacity 26884K, committed 27184K, reserved 1073152K
  class space    used 3402K, capacity 3607K, committed 3632K, reserved 1048576K
Event: 4.393 GC heap after
Heap after GC invocations=7 (full 1):
 PSYoungGen      total 71680K, used 5107K [0x00000000d5580000, 0x00000000da080000, 0x0000000100000000)
  eden space 66560K, 0% used [0x00000000d5580000,0x00000000d5580000,0x00000000d9680000)
  from space 5120K, 99% used [0x00000000d9b80000,0x00000000da07cd20,0x00000000da080000)
  to   space 5120K, 0% used [0x00000000d9680000,0x00000000d9680000,0x00000000d9b80000)
 ParOldGen       total 57856K, used 13592K [0x0000000080000000, 0x0000000083880000, 0x00000000d5580000)
  object space 57856K, 23% used [0x0000000080000000,0x0000000080d46098,0x0000000083880000)
 Metaspace       used 26136K, capacity 26884K, committed 27184K, reserved 1073152K
  class space    used 3402K, capacity 3607K, committed 3632K, reserved 1048576K
}
Event: 5.588 GC heap before
{Heap before GC invocations=8 (full 1):
 PSYoungGen      total 71680K, used 71667K [0x00000000d5580000, 0x00000000da080000, 0x0000000100000000)
  eden space 66560K, 100% used [0x00000000d5580000,0x00000000d9680000,0x00000000d9680000)
  from space 5120K, 99% used [0x00000000d9b80000,0x00000000da07cd20,0x00000000da080000)
  to   space 5120K, 0% used [0x00000000d9680000,0x00000000d9680000,0x00000000d9b80000)
 ParOldGen       total 57856K, used 13592K [0x0000000080000000, 0x0000000083880000, 0x00000000d5580000)
  object space 57856K, 23% used [0x0000000080000000,0x0000000080d46098,0x0000000083880000)
 Metaspace       used 28833K, capacity 29916K, committed 30128K, reserved 1075200K
  class space    used 3752K, capacity 3999K, committed 4016K, reserved 1048576K
Event: 5.625 GC heap after
Heap after GC invocations=8 (full 1):
 PSYoungGen      total 71680K, used 5088K [0x00000000d5580000, 0x00000000dd600000, 0x0000000100000000)
  eden space 66560K, 0% used [0x00000000d5580000,0x00000000d5580000,0x00000000d9680000)
  from space 5120K, 99% used [0x00000000d9680000,0x00000000d9b78030,0x00000000d9b80000)
  to   space 11776K, 0% used [0x00000000dca80000,0x00000000dca80000,0x00000000dd600000)
 ParOldGen       total 57856K, used 16772K [0x0000000080000000, 0x0000000083880000, 0x00000000d5580000)
  object space 57856K, 28% used [0x0000000080000000,0x0000000081061330,0x0000000083880000)
 Metaspace       used 28833K, capacity 29916K, committed 30128K, reserved 1075200K
  class space    used 3752K, capacity 3999K, committed 4016K, reserved 1048576K
}

